{"/Users/vaghela-sagar/Documents/sites/ali/test-upayments/src/App.tsx": {"path":"/Users/vaghela-sagar/Documents/sites/ali/test-upayments/src/App.tsx","statementMap":{"0":{"start":{"line":1,"column":0},"end":{"line":1,"column":49}},"1":{"start":{"line":2,"column":0},"end":{"line":2,"column":53}},"2":{"start":{"line":3,"column":0},"end":{"line":3,"column":55}},"3":{"start":{"line":4,"column":0},"end":{"line":4,"column":55}},"4":{"start":{"line":5,"column":0},"end":{"line":5,"column":51}},"5":{"start":{"line":6,"column":0},"end":{"line":6,"column":91}},"6":{"start":{"line":9,"column":2},"end":{"line":21,"column":4}},"7":{"start":{"line":24,"column":0},"end":{"line":24,"column":19}}},"fnMap":{"0":{"name":"App","decl":{"start":{"line":8,"column":9},"end":{"line":8,"column":12}},"loc":{"start":{"line":8,"column":12},"end":{"line":22,"column":1}}}},"branchMap":{},"s":{"0":3,"1":3,"2":3,"3":3,"4":3,"5":3,"6":3,"7":3},"f":{"0":3},"b":{}}
,"/Users/vaghela-sagar/Documents/sites/ali/test-upayments/src/index.tsx": {"path":"/Users/vaghela-sagar/Documents/sites/ali/test-upayments/src/index.tsx","statementMap":{"0":{"start":{"line":1,"column":0},"end":{"line":1,"column":26}},"1":{"start":{"line":2,"column":0},"end":{"line":2,"column":33}},"2":{"start":{"line":3,"column":0},"end":{"line":3,"column":49}},"3":{"start":{"line":4,"column":0},"end":{"line":4,"column":39}},"4":{"start":{"line":5,"column":0},"end":{"line":5,"column":21}},"5":{"start":{"line":6,"column":0},"end":{"line":6,"column":24}},"6":{"start":{"line":7,"column":0},"end":{"line":7,"column":48}},"7":{"start":{"line":9,"column":0},"end":{"line":9,"column":41}},"8":{"start":{"line":11,"column":14},"end":{"line":11,"column":30}},"9":{"start":{"line":13,"column":0},"end":{"line":23,"column":2}},"10":{"start":{"line":28,"column":0},"end":{"line":28,"column":18}}},"fnMap":{},"branchMap":{},"s":{"0":0,"1":0,"2":0,"3":0,"4":0,"5":0,"6":0,"7":0,"8":0,"9":0,"10":0},"f":{},"b":{}}
,"/Users/vaghela-sagar/Documents/sites/ali/test-upayments/src/actions/categoryActions.tsx": {"path":"/Users/vaghela-sagar/Documents/sites/ali/test-upayments/src/actions/categoryActions.tsx","statementMap":{"0":{"start":{"line":2,"column":0},"end":{"line":2,"column":null}},"1":{"start":{"line":7,"column":0},"end":{"line":7,"column":65}},"2":{"start":{"line":10,"column":29},"end":{"line":10,"column":36}},"3":{"start":{"line":10,"column":35},"end":{"line":12,"column":3}},"4":{"start":{"line":14,"column":31},"end":{"line":14,"column":47}},"5":{"start":{"line":14,"column":46},"end":{"line":17,"column":3}},"6":{"start":{"line":19,"column":28},"end":{"line":19,"column":48}},"7":{"start":{"line":19,"column":47},"end":{"line":23,"column":3}},"8":{"start":{"line":25,"column":29},"end":{"line":25,"column":52}},"9":{"start":{"line":25,"column":45},"end":{"line":34,"column":2}},"10":{"start":{"line":25,"column":60},"end":{"line":34,"column":2}},"11":{"start":{"line":26,"column":2},"end":{"line":26,"column":35}},"12":{"start":{"line":27,"column":2},"end":{"line":33,"column":7}},"13":{"start":{"line":29,"column":6},"end":{"line":29,"column":49}},"14":{"start":{"line":32,"column":6},"end":{"line":32,"column":54}},"15":{"start":{"line":25,"column":13},"end":{"line":25,"column":29}}},"fnMap":{"0":{"name":"(anonymous_19)","decl":{"start":{"line":10,"column":29},"end":{"line":10,"column":35}},"loc":{"start":{"line":10,"column":29},"end":{"line":10,"column":36}}},"1":{"name":"(anonymous_20)","decl":{"start":{"line":14,"column":31},"end":{"line":14,"column":32}},"loc":{"start":{"line":14,"column":41},"end":{"line":14,"column":47}}},"2":{"name":"(anonymous_21)","decl":{"start":{"line":19,"column":28},"end":{"line":19,"column":29}},"loc":{"start":{"line":19,"column":42},"end":{"line":19,"column":48}}},"3":{"name":"(anonymous_22)","decl":{"start":{"line":25,"column":29},"end":{"line":25,"column":45}},"loc":{"start":{"line":25,"column":29},"end":{"line":25,"column":52}}},"4":{"name":"(anonymous_23)","decl":{"start":{"line":25,"column":45},"end":{"line":25,"column":52}},"loc":{"start":{"line":25,"column":60},"end":{"line":34,"column":2}}},"5":{"name":"(anonymous_24)","decl":{"start":{"line":25,"column":60},"end":{"line":25,"column":null}},"loc":{"start":{"line":25,"column":60},"end":{"line":34,"column":2}}},"6":{"name":"(anonymous_26)","decl":{"start":{"line":28,"column":10},"end":{"line":28,"column":11}},"loc":{"start":{"line":28,"column":14},"end":{"line":30,"column":5}}},"7":{"name":"(anonymous_27)","decl":{"start":{"line":31,"column":11},"end":{"line":31,"column":12}},"loc":{"start":{"line":31,"column":17},"end":{"line":33,"column":5}}}},"branchMap":{},"s":{"0":4,"1":4,"2":4,"3":3,"4":4,"5":1,"6":4,"7":0,"8":4,"9":3,"10":3,"11":3,"12":4,"13":1,"14":0,"15":4},"f":{"0":3,"1":1,"2":0,"3":3,"4":3,"5":3,"6":1,"7":0},"b":{}}
,"/Users/vaghela-sagar/Documents/sites/ali/test-upayments/src/actions/productActions.tsx": {"path":"/Users/vaghela-sagar/Documents/sites/ali/test-upayments/src/actions/productActions.tsx","statementMap":{"0":{"start":{"line":2,"column":0},"end":{"line":2,"column":null}},"1":{"start":{"line":16,"column":0},"end":{"line":16,"column":63}},"2":{"start":{"line":19,"column":27},"end":{"line":19,"column":34}},"3":{"start":{"line":19,"column":33},"end":{"line":21,"column":3}},"4":{"start":{"line":23,"column":29},"end":{"line":23,"column":45}},"5":{"start":{"line":23,"column":44},"end":{"line":26,"column":3}},"6":{"start":{"line":28,"column":26},"end":{"line":28,"column":46}},"7":{"start":{"line":28,"column":45},"end":{"line":32,"column":3}},"8":{"start":{"line":34,"column":27},"end":{"line":34,"column":50}},"9":{"start":{"line":34,"column":43},"end":{"line":43,"column":2}},"10":{"start":{"line":34,"column":58},"end":{"line":43,"column":2}},"11":{"start":{"line":35,"column":2},"end":{"line":35,"column":33}},"12":{"start":{"line":36,"column":2},"end":{"line":42,"column":7}},"13":{"start":{"line":38,"column":6},"end":{"line":38,"column":47}},"14":{"start":{"line":41,"column":6},"end":{"line":41,"column":52}},"15":{"start":{"line":34,"column":13},"end":{"line":34,"column":27}},"16":{"start":{"line":46,"column":33},"end":{"line":46,"column":40}},"17":{"start":{"line":46,"column":39},"end":{"line":48,"column":3}},"18":{"start":{"line":50,"column":35},"end":{"line":50,"column":51}},"19":{"start":{"line":50,"column":50},"end":{"line":53,"column":3}},"20":{"start":{"line":55,"column":32},"end":{"line":55,"column":52}},"21":{"start":{"line":55,"column":51},"end":{"line":59,"column":3}},"22":{"start":{"line":62,"column":2},"end":{"line":63,"column":9}},"23":{"start":{"line":63,"column":2},"end":{"line":72,"column":4}},"24":{"start":{"line":63,"column":17},"end":{"line":72,"column":4}},"25":{"start":{"line":64,"column":4},"end":{"line":64,"column":41}},"26":{"start":{"line":65,"column":4},"end":{"line":71,"column":9}},"27":{"start":{"line":67,"column":8},"end":{"line":67,"column":55}},"28":{"start":{"line":70,"column":8},"end":{"line":70,"column":60}},"29":{"start":{"line":61,"column":13},"end":{"line":61,"column":null}},"30":{"start":{"line":75,"column":29},"end":{"line":75,"column":36}},"31":{"start":{"line":75,"column":35},"end":{"line":77,"column":3}},"32":{"start":{"line":79,"column":31},"end":{"line":79,"column":47}},"33":{"start":{"line":79,"column":46},"end":{"line":82,"column":3}},"34":{"start":{"line":84,"column":28},"end":{"line":84,"column":48}},"35":{"start":{"line":84,"column":47},"end":{"line":88,"column":3}},"36":{"start":{"line":91,"column":2},"end":{"line":92,"column":9}},"37":{"start":{"line":92,"column":2},"end":{"line":101,"column":4}},"38":{"start":{"line":92,"column":17},"end":{"line":101,"column":4}},"39":{"start":{"line":93,"column":4},"end":{"line":93,"column":37}},"40":{"start":{"line":94,"column":4},"end":{"line":100,"column":9}},"41":{"start":{"line":96,"column":8},"end":{"line":96,"column":51}},"42":{"start":{"line":99,"column":8},"end":{"line":99,"column":56}},"43":{"start":{"line":90,"column":13},"end":{"line":90,"column":null}},"44":{"start":{"line":104,"column":29},"end":{"line":104,"column":36}},"45":{"start":{"line":104,"column":35},"end":{"line":106,"column":3}},"46":{"start":{"line":108,"column":31},"end":{"line":108,"column":47}},"47":{"start":{"line":108,"column":46},"end":{"line":111,"column":3}},"48":{"start":{"line":113,"column":28},"end":{"line":113,"column":48}},"49":{"start":{"line":113,"column":47},"end":{"line":117,"column":3}},"50":{"start":{"line":120,"column":2},"end":{"line":121,"column":9}},"51":{"start":{"line":121,"column":2},"end":{"line":130,"column":4}},"52":{"start":{"line":121,"column":17},"end":{"line":130,"column":4}},"53":{"start":{"line":122,"column":4},"end":{"line":122,"column":37}},"54":{"start":{"line":123,"column":4},"end":{"line":129,"column":9}},"55":{"start":{"line":125,"column":8},"end":{"line":125,"column":51}},"56":{"start":{"line":128,"column":8},"end":{"line":128,"column":56}},"57":{"start":{"line":119,"column":13},"end":{"line":119,"column":null}}},"fnMap":{"0":{"name":"(anonymous_19)","decl":{"start":{"line":19,"column":27},"end":{"line":19,"column":33}},"loc":{"start":{"line":19,"column":27},"end":{"line":19,"column":34}}},"1":{"name":"(anonymous_20)","decl":{"start":{"line":23,"column":29},"end":{"line":23,"column":30}},"loc":{"start":{"line":23,"column":39},"end":{"line":23,"column":45}}},"2":{"name":"(anonymous_21)","decl":{"start":{"line":28,"column":26},"end":{"line":28,"column":27}},"loc":{"start":{"line":28,"column":40},"end":{"line":28,"column":46}}},"3":{"name":"(anonymous_22)","decl":{"start":{"line":34,"column":27},"end":{"line":34,"column":43}},"loc":{"start":{"line":34,"column":27},"end":{"line":34,"column":50}}},"4":{"name":"(anonymous_23)","decl":{"start":{"line":34,"column":43},"end":{"line":34,"column":50}},"loc":{"start":{"line":34,"column":58},"end":{"line":43,"column":2}}},"5":{"name":"(anonymous_24)","decl":{"start":{"line":34,"column":58},"end":{"line":34,"column":null}},"loc":{"start":{"line":34,"column":58},"end":{"line":43,"column":2}}},"6":{"name":"(anonymous_26)","decl":{"start":{"line":37,"column":10},"end":{"line":37,"column":11}},"loc":{"start":{"line":37,"column":14},"end":{"line":39,"column":5}}},"7":{"name":"(anonymous_27)","decl":{"start":{"line":40,"column":11},"end":{"line":40,"column":12}},"loc":{"start":{"line":40,"column":17},"end":{"line":42,"column":5}}},"8":{"name":"(anonymous_28)","decl":{"start":{"line":46,"column":33},"end":{"line":46,"column":39}},"loc":{"start":{"line":46,"column":33},"end":{"line":46,"column":40}}},"9":{"name":"(anonymous_29)","decl":{"start":{"line":50,"column":35},"end":{"line":50,"column":36}},"loc":{"start":{"line":50,"column":45},"end":{"line":50,"column":51}}},"10":{"name":"(anonymous_30)","decl":{"start":{"line":55,"column":32},"end":{"line":55,"column":33}},"loc":{"start":{"line":55,"column":46},"end":{"line":55,"column":52}}},"11":{"name":"(anonymous_31)","decl":{"start":{"line":62,"column":2},"end":{"line":62,"column":3}},"loc":{"start":{"line":62,"column":25},"end":{"line":63,"column":9}}},"12":{"name":"(anonymous_32)","decl":{"start":{"line":63,"column":2},"end":{"line":63,"column":9}},"loc":{"start":{"line":63,"column":17},"end":{"line":72,"column":4}}},"13":{"name":"(anonymous_33)","decl":{"start":{"line":63,"column":17},"end":{"line":63,"column":null}},"loc":{"start":{"line":63,"column":17},"end":{"line":72,"column":4}}},"14":{"name":"(anonymous_35)","decl":{"start":{"line":66,"column":12},"end":{"line":66,"column":13}},"loc":{"start":{"line":66,"column":16},"end":{"line":68,"column":7}}},"15":{"name":"(anonymous_36)","decl":{"start":{"line":69,"column":13},"end":{"line":69,"column":14}},"loc":{"start":{"line":69,"column":19},"end":{"line":71,"column":7}}},"16":{"name":"(anonymous_37)","decl":{"start":{"line":75,"column":29},"end":{"line":75,"column":35}},"loc":{"start":{"line":75,"column":29},"end":{"line":75,"column":36}}},"17":{"name":"(anonymous_38)","decl":{"start":{"line":79,"column":31},"end":{"line":79,"column":32}},"loc":{"start":{"line":79,"column":41},"end":{"line":79,"column":47}}},"18":{"name":"(anonymous_39)","decl":{"start":{"line":84,"column":28},"end":{"line":84,"column":29}},"loc":{"start":{"line":84,"column":42},"end":{"line":84,"column":48}}},"19":{"name":"(anonymous_40)","decl":{"start":{"line":91,"column":2},"end":{"line":91,"column":3}},"loc":{"start":{"line":91,"column":21},"end":{"line":92,"column":9}}},"20":{"name":"(anonymous_41)","decl":{"start":{"line":92,"column":2},"end":{"line":92,"column":9}},"loc":{"start":{"line":92,"column":17},"end":{"line":101,"column":4}}},"21":{"name":"(anonymous_42)","decl":{"start":{"line":92,"column":17},"end":{"line":92,"column":null}},"loc":{"start":{"line":92,"column":17},"end":{"line":101,"column":4}}},"22":{"name":"(anonymous_44)","decl":{"start":{"line":95,"column":12},"end":{"line":95,"column":13}},"loc":{"start":{"line":95,"column":16},"end":{"line":97,"column":7}}},"23":{"name":"(anonymous_45)","decl":{"start":{"line":98,"column":13},"end":{"line":98,"column":14}},"loc":{"start":{"line":98,"column":19},"end":{"line":100,"column":7}}},"24":{"name":"(anonymous_46)","decl":{"start":{"line":104,"column":29},"end":{"line":104,"column":35}},"loc":{"start":{"line":104,"column":29},"end":{"line":104,"column":36}}},"25":{"name":"(anonymous_47)","decl":{"start":{"line":108,"column":31},"end":{"line":108,"column":32}},"loc":{"start":{"line":108,"column":41},"end":{"line":108,"column":47}}},"26":{"name":"(anonymous_48)","decl":{"start":{"line":113,"column":28},"end":{"line":113,"column":29}},"loc":{"start":{"line":113,"column":42},"end":{"line":113,"column":48}}},"27":{"name":"(anonymous_49)","decl":{"start":{"line":120,"column":2},"end":{"line":120,"column":3}},"loc":{"start":{"line":120,"column":13},"end":{"line":121,"column":9}}},"28":{"name":"(anonymous_50)","decl":{"start":{"line":121,"column":2},"end":{"line":121,"column":9}},"loc":{"start":{"line":121,"column":17},"end":{"line":130,"column":4}}},"29":{"name":"(anonymous_51)","decl":{"start":{"line":121,"column":17},"end":{"line":121,"column":null}},"loc":{"start":{"line":121,"column":17},"end":{"line":130,"column":4}}},"30":{"name":"(anonymous_53)","decl":{"start":{"line":124,"column":12},"end":{"line":124,"column":13}},"loc":{"start":{"line":124,"column":16},"end":{"line":126,"column":7}}},"31":{"name":"(anonymous_54)","decl":{"start":{"line":127,"column":13},"end":{"line":127,"column":14}},"loc":{"start":{"line":127,"column":19},"end":{"line":129,"column":7}}}},"branchMap":{},"s":{"0":4,"1":4,"2":4,"3":4,"4":4,"5":1,"6":4,"7":0,"8":4,"9":4,"10":4,"11":4,"12":5,"13":1,"14":0,"15":4,"16":4,"17":0,"18":4,"19":0,"20":4,"21":0,"22":4,"23":0,"24":0,"25":0,"26":0,"27":0,"28":0,"29":4,"30":4,"31":0,"32":4,"33":0,"34":4,"35":0,"36":4,"37":0,"38":0,"39":0,"40":0,"41":0,"42":0,"43":4,"44":4,"45":0,"46":4,"47":0,"48":4,"49":0,"50":4,"51":0,"52":0,"53":0,"54":0,"55":0,"56":0,"57":4},"f":{"0":4,"1":1,"2":0,"3":4,"4":4,"5":4,"6":1,"7":0,"8":0,"9":0,"10":0,"11":0,"12":0,"13":0,"14":0,"15":0,"16":0,"17":0,"18":0,"19":0,"20":0,"21":0,"22":0,"23":0,"24":0,"25":0,"26":0,"27":0,"28":0,"29":0,"30":0,"31":0},"b":{}}
,"/Users/vaghela-sagar/Documents/sites/ali/test-upayments/src/components/createProduct.tsx": {"path":"/Users/vaghela-sagar/Documents/sites/ali/test-upayments/src/components/createProduct.tsx","statementMap":{"0":{"start":{"line":1,"column":0},"end":{"line":1,"column":44}},"1":{"start":{"line":2,"column":0},"end":{"line":2,"column":55}},"2":{"start":{"line":3,"column":0},"end":{"line":3,"column":58}},"3":{"start":{"line":5,"column":0},"end":{"line":5,"column":53}},"4":{"start":{"line":6,"column":0},"end":{"line":6,"column":47}},"5":{"start":{"line":8,"column":22},"end":{"line":169,"column":1}},"6":{"start":{"line":9,"column":21},"end":{"line":10,"column":null}},"7":{"start":{"line":10,"column":15},"end":{"line":10,"column":null}},"8":{"start":{"line":12,"column":19},"end":{"line":12,"column":32}},"9":{"start":{"line":13,"column":19},"end":{"line":13,"column":32}},"10":{"start":{"line":15,"column":2},"end":{"line":17,"column":9}},"11":{"start":{"line":16,"column":4},"end":{"line":16,"column":59}},"12":{"start":{"line":16,"column":33},"end":{"line":16,"column":59}},"13":{"start":{"line":19,"column":34},"end":{"line":26,"column":4}},"14":{"start":{"line":19,"column":17},"end":{"line":19,"column":19}},"15":{"start":{"line":19,"column":30},"end":{"line":19,"column":34}},"16":{"start":{"line":28,"column":57},"end":{"line":28,"column":66}},"17":{"start":{"line":30,"column":19},"end":{"line":38,"column":4}},"18":{"start":{"line":30,"column":57},"end":{"line":38,"column":4}},"19":{"start":{"line":31,"column":4},"end":{"line":31,"column":23}},"20":{"start":{"line":32,"column":8},"end":{"line":32,"column":12}},"21":{"start":{"line":33,"column":6},"end":{"line":33,"column":46}},"22":{"start":{"line":34,"column":6},"end":{"line":34,"column":27}},"23":{"start":{"line":36,"column":6},"end":{"line":36,"column":58}},"24":{"start":{"line":40,"column":19},"end":{"line":48,"column":3}},"25":{"start":{"line":41,"column":26},"end":{"line":41,"column":34}},"26":{"start":{"line":42,"column":28},"end":{"line":42,"column":36}},"27":{"start":{"line":42,"column":16},"end":{"line":42,"column":18}},"28":{"start":{"line":42,"column":23},"end":{"line":42,"column":28}},"29":{"start":{"line":43,"column":4},"end":{"line":46,"column":6}},"30":{"start":{"line":47,"column":4},"end":{"line":47,"column":22}},"31":{"start":{"line":50,"column":2},"end":{"line":50,"column":36}},"32":{"start":{"line":52,"column":2},"end":{"line":168,"column":4}},"33":{"start":{"line":125,"column":58},"end":{"line":129,"column":22}},"34":{"start":{"line":171,"column":0},"end":{"line":171,"column":29}}},"fnMap":{"0":{"name":"(anonymous_15)","decl":{"start":{"line":8,"column":22},"end":{"line":8,"column":null}},"loc":{"start":{"line":8,"column":22},"end":{"line":169,"column":1}}},"1":{"name":"(anonymous_16)","decl":{"start":{"line":10,"column":4},"end":{"line":10,"column":5}},"loc":{"start":{"line":10,"column":10},"end":{"line":10,"column":20}}},"2":{"name":"(anonymous_17)","decl":{"start":{"line":15,"column":12},"end":{"line":15,"column":null}},"loc":{"start":{"line":15,"column":12},"end":{"line":17,"column":3}}},"3":{"name":"(anonymous_18)","decl":{"start":{"line":30,"column":19},"end":{"line":30,"column":26}},"loc":{"start":{"line":30,"column":57},"end":{"line":38,"column":4}}},"4":{"name":"(anonymous_19)","decl":{"start":{"line":30,"column":57},"end":{"line":30,"column":null}},"loc":{"start":{"line":30,"column":57},"end":{"line":38,"column":4}}},"5":{"name":"(anonymous_21)","decl":{"start":{"line":40,"column":19},"end":{"line":40,"column":20}},"loc":{"start":{"line":40,"column":26},"end":{"line":48,"column":3}}},"6":{"name":"(anonymous_22)","decl":{"start":{"line":125,"column":37},"end":{"line":125,"column":38}},"loc":{"start":{"line":125,"column":53},"end":{"line":125,"column":null}}}},"branchMap":{"0":{"loc":{"start":{"line":16,"column":4},"end":{"line":16,"column":59}},"type":"if","locations":[{"start":{"line":16,"column":4},"end":{"line":16,"column":59}}]},"1":{"loc":{"start":{"line":32,"column":8},"end":{"line":32,"column":12}},"type":"if","locations":[{"start":{"line":32,"column":8},"end":{"line":32,"column":12}}]},"2":{"loc":{"start":{"line":32,"column":8},"end":{"line":32,"column":77}},"type":"binary-expr","locations":[{"start":{"line":32,"column":8},"end":{"line":32,"column":19}},{"start":{"line":32,"column":23},"end":{"line":32,"column":41}},{"start":{"line":32,"column":45},"end":{"line":32,"column":60}},{"start":{"line":32,"column":64},"end":{"line":32,"column":77}}]},"3":{"loc":{"start":{"line":125,"column":21},"end":{"line":129,"column":22}},"type":"cond-expr","locations":[{"start":{"line":125,"column":31},"end":{"line":125,"column":33}},{"start":{"line":125,"column":21},"end":{"line":129,"column":22}}]},"4":{"loc":{"start":{"line":125,"column":21},"end":{"line":125,"column":33}},"type":"binary-expr","locations":[{"start":{"line":125,"column":21},"end":{"line":125,"column":33}},{"start":{"line":125,"column":21},"end":{"line":125,"column":33}}]}},"s":{"0":3,"1":3,"2":3,"3":3,"4":3,"5":3,"6":0,"7":0,"8":0,"9":0,"10":0,"11":0,"12":0,"13":0,"14":0,"15":0,"16":0,"17":0,"18":0,"19":0,"20":0,"21":0,"22":0,"23":0,"24":0,"25":0,"26":0,"27":0,"28":0,"29":0,"30":0,"31":0,"32":0,"33":0,"34":3},"f":{"0":0,"1":0,"2":0,"3":0,"4":0,"5":0,"6":0},"b":{"0":[0],"1":[0],"2":[0,0,0,0],"3":[0,0],"4":[0,0]}}
,"/Users/vaghela-sagar/Documents/sites/ali/test-upayments/src/components/productDetail.tsx": {"path":"/Users/vaghela-sagar/Documents/sites/ali/test-upayments/src/components/productDetail.tsx","statementMap":{"0":{"start":{"line":1,"column":0},"end":{"line":1,"column":45}},"1":{"start":{"line":2,"column":0},"end":{"line":2,"column":34}},"2":{"start":{"line":3,"column":0},"end":{"line":3,"column":55}},"3":{"start":{"line":4,"column":0},"end":{"line":4,"column":47}},"4":{"start":{"line":7,"column":22},"end":{"line":36,"column":1}},"5":{"start":{"line":8,"column":17},"end":{"line":8,"column":29}},"6":{"start":{"line":9,"column":18},"end":{"line":9,"column":98}},"7":{"start":{"line":9,"column":72},"end":{"line":9,"column":98}},"8":{"start":{"line":10,"column":19},"end":{"line":10,"column":32}},"9":{"start":{"line":12,"column":2},"end":{"line":14,"column":9}},"10":{"start":{"line":13,"column":4},"end":{"line":13,"column":36}},"11":{"start":{"line":16,"column":2},"end":{"line":35,"column":4}},"12":{"start":{"line":38,"column":0},"end":{"line":38,"column":29}}},"fnMap":{"0":{"name":"(anonymous_2)","decl":{"start":{"line":7,"column":22},"end":{"line":7,"column":null}},"loc":{"start":{"line":7,"column":22},"end":{"line":36,"column":1}}},"1":{"name":"(anonymous_3)","decl":{"start":{"line":9,"column":61},"end":{"line":9,"column":62}},"loc":{"start":{"line":9,"column":67},"end":{"line":9,"column":77}}},"2":{"name":"(anonymous_4)","decl":{"start":{"line":12,"column":12},"end":{"line":12,"column":null}},"loc":{"start":{"line":12,"column":12},"end":{"line":14,"column":3}}}},"branchMap":{"0":{"loc":{"start":{"line":21,"column":22},"end":{"line":21,"column":37}},"type":"cond-expr","locations":[{"start":{"line":21,"column":29},"end":{"line":21,"column":31}},{"start":{"line":21,"column":22},"end":{"line":21,"column":37}}]},"1":{"loc":{"start":{"line":21,"column":22},"end":{"line":21,"column":31}},"type":"binary-expr","locations":[{"start":{"line":21,"column":22},"end":{"line":21,"column":31}},{"start":{"line":21,"column":22},"end":{"line":21,"column":31}}]},"2":{"loc":{"start":{"line":21,"column":44},"end":{"line":21,"column":59}},"type":"cond-expr","locations":[{"start":{"line":21,"column":51},"end":{"line":21,"column":53}},{"start":{"line":21,"column":44},"end":{"line":21,"column":59}}]},"3":{"loc":{"start":{"line":21,"column":44},"end":{"line":21,"column":53}},"type":"binary-expr","locations":[{"start":{"line":21,"column":44},"end":{"line":21,"column":53}},{"start":{"line":21,"column":44},"end":{"line":21,"column":53}}]},"4":{"loc":{"start":{"line":24,"column":61},"end":{"line":24,"column":74}},"type":"cond-expr","locations":[{"start":{"line":24,"column":68},"end":{"line":24,"column":70}},{"start":{"line":24,"column":61},"end":{"line":24,"column":74}}]},"5":{"loc":{"start":{"line":24,"column":61},"end":{"line":24,"column":70}},"type":"binary-expr","locations":[{"start":{"line":24,"column":61},"end":{"line":24,"column":70}},{"start":{"line":24,"column":61},"end":{"line":24,"column":70}}]},"6":{"loc":{"start":{"line":25,"column":48},"end":{"line":25,"column":62}},"type":"cond-expr","locations":[{"start":{"line":25,"column":55},"end":{"line":25,"column":57}},{"start":{"line":25,"column":48},"end":{"line":25,"column":62}}]},"7":{"loc":{"start":{"line":25,"column":48},"end":{"line":25,"column":57}},"type":"binary-expr","locations":[{"start":{"line":25,"column":48},"end":{"line":25,"column":57}},{"start":{"line":25,"column":48},"end":{"line":25,"column":57}}]},"8":{"loc":{"start":{"line":31,"column":36},"end":{"line":31,"column":56}},"type":"cond-expr","locations":[{"start":{"line":31,"column":43},"end":{"line":31,"column":45}},{"start":{"line":31,"column":36},"end":{"line":31,"column":56}}]},"9":{"loc":{"start":{"line":31,"column":36},"end":{"line":31,"column":45}},"type":"binary-expr","locations":[{"start":{"line":31,"column":36},"end":{"line":31,"column":45}},{"start":{"line":31,"column":36},"end":{"line":31,"column":45}}]}},"s":{"0":3,"1":3,"2":3,"3":3,"4":3,"5":0,"6":0,"7":0,"8":0,"9":0,"10":0,"11":0,"12":3},"f":{"0":0,"1":0,"2":0},"b":{"0":[0,0],"1":[0,0],"2":[0,0],"3":[0,0],"4":[0,0],"5":[0,0],"6":[0,0],"7":[0,0],"8":[0,0],"9":[0,0]}}
,"/Users/vaghela-sagar/Documents/sites/ali/test-upayments/src/components/productList.tsx": {"path":"/Users/vaghela-sagar/Documents/sites/ali/test-upayments/src/components/productList.tsx","statementMap":{"0":{"start":{"line":1,"column":0},"end":{"line":1,"column":44}},"1":{"start":{"line":2,"column":0},"end":{"line":2,"column":40}},"2":{"start":{"line":3,"column":0},"end":{"line":3,"column":56}},"3":{"start":{"line":5,"column":0},"end":{"line":5,"column":55}},"4":{"start":{"line":6,"column":0},"end":{"line":6,"column":71}},"5":{"start":{"line":7,"column":0},"end":{"line":7,"column":51}},"6":{"start":{"line":9,"column":20},"end":{"line":103,"column":1}},"7":{"start":{"line":10,"column":30},"end":{"line":10,"column":50}},"8":{"start":{"line":10,"column":15},"end":{"line":10,"column":17}},"9":{"start":{"line":10,"column":26},"end":{"line":10,"column":30}},"10":{"start":{"line":11,"column":34},"end":{"line":11,"column":54}},"11":{"start":{"line":11,"column":17},"end":{"line":11,"column":19}},"12":{"start":{"line":11,"column":30},"end":{"line":11,"column":34}},"13":{"start":{"line":12,"column":19},"end":{"line":13,"column":null}},"14":{"start":{"line":13,"column":15},"end":{"line":13,"column":null}},"15":{"start":{"line":15,"column":21},"end":{"line":16,"column":null}},"16":{"start":{"line":16,"column":15},"end":{"line":16,"column":null}},"17":{"start":{"line":18,"column":19},"end":{"line":18,"column":32}},"18":{"start":{"line":19,"column":2},"end":{"line":22,"column":9}},"19":{"start":{"line":20,"column":4},"end":{"line":20,"column":28}},"20":{"start":{"line":21,"column":4},"end":{"line":21,"column":59}},"21":{"start":{"line":21,"column":33},"end":{"line":21,"column":59}},"22":{"start":{"line":24,"column":19},"end":{"line":27,"column":4}},"23":{"start":{"line":24,"column":36},"end":{"line":27,"column":4}},"24":{"start":{"line":25,"column":4},"end":{"line":25,"column":38}},"25":{"start":{"line":26,"column":4},"end":{"line":26,"column":28}},"26":{"start":{"line":29,"column":23},"end":{"line":34,"column":null}},"27":{"start":{"line":31,"column":6},"end":{"line":34,"column":null}},"28":{"start":{"line":37,"column":2},"end":{"line":102,"column":4}},"29":{"start":{"line":50,"column":31},"end":{"line":50,"column":null}},"30":{"start":{"line":60,"column":33},"end":{"line":60,"column":null}},"31":{"start":{"line":69,"column":49},"end":{"line":73,"column":18}},"32":{"start":{"line":79,"column":49},"end":{"line":98,"column":12}},"33":{"start":{"line":91,"column":35},"end":{"line":91,"column":null}},"34":{"start":{"line":104,"column":0},"end":{"line":104,"column":27}}},"fnMap":{"0":{"name":"(anonymous_15)","decl":{"start":{"line":9,"column":20},"end":{"line":9,"column":null}},"loc":{"start":{"line":9,"column":20},"end":{"line":103,"column":1}}},"1":{"name":"(anonymous_16)","decl":{"start":{"line":13,"column":4},"end":{"line":13,"column":5}},"loc":{"start":{"line":13,"column":10},"end":{"line":13,"column":20}}},"2":{"name":"(anonymous_17)","decl":{"start":{"line":16,"column":4},"end":{"line":16,"column":5}},"loc":{"start":{"line":16,"column":10},"end":{"line":16,"column":20}}},"3":{"name":"(anonymous_18)","decl":{"start":{"line":19,"column":12},"end":{"line":19,"column":null}},"loc":{"start":{"line":19,"column":12},"end":{"line":22,"column":3}}},"4":{"name":"(anonymous_19)","decl":{"start":{"line":24,"column":19},"end":{"line":24,"column":26}},"loc":{"start":{"line":24,"column":36},"end":{"line":27,"column":4}}},"5":{"name":"(anonymous_20)","decl":{"start":{"line":24,"column":36},"end":{"line":24,"column":null}},"loc":{"start":{"line":24,"column":36},"end":{"line":27,"column":4}}},"6":{"name":"(anonymous_22)","decl":{"start":{"line":30,"column":4},"end":{"line":30,"column":5}},"loc":{"start":{"line":30,"column":9},"end":{"line":31,"column":7}}},"7":{"name":"(anonymous_23)","decl":{"start":{"line":50,"column":24},"end":{"line":50,"column":25}},"loc":{"start":{"line":50,"column":26},"end":{"line":50,"column":40}}},"8":{"name":"(anonymous_24)","decl":{"start":{"line":60,"column":26},"end":{"line":60,"column":27}},"loc":{"start":{"line":60,"column":28},"end":{"line":60,"column":44}}},"9":{"name":"(anonymous_25)","decl":{"start":{"line":69,"column":33},"end":{"line":69,"column":34}},"loc":{"start":{"line":69,"column":44},"end":{"line":69,"column":null}}},"10":{"name":"(anonymous_26)","decl":{"start":{"line":79,"column":29},"end":{"line":79,"column":30}},"loc":{"start":{"line":79,"column":44},"end":{"line":79,"column":null}}},"11":{"name":"(anonymous_27)","decl":{"start":{"line":91,"column":29},"end":{"line":91,"column":35}},"loc":{"start":{"line":91,"column":29},"end":{"line":91,"column":43}}}},"branchMap":{"0":{"loc":{"start":{"line":21,"column":4},"end":{"line":21,"column":59}},"type":"if","locations":[{"start":{"line":21,"column":4},"end":{"line":21,"column":59}}]},"1":{"loc":{"start":{"line":25,"column":4},"end":{"line":25,"column":38}},"type":"switch","locations":[{"start":{"line":25,"column":4},"end":{"line":25,"column":38}}]},"2":{"loc":{"start":{"line":29,"column":23},"end":{"line":34,"column":null}},"type":"cond-expr","locations":[{"start":{"line":29,"column":31},"end":{"line":29,"column":33}},{"start":{"line":29,"column":23},"end":{"line":34,"column":null}}]},"3":{"loc":{"start":{"line":29,"column":23},"end":{"line":29,"column":33}},"type":"binary-expr","locations":[{"start":{"line":29,"column":23},"end":{"line":29,"column":33}},{"start":{"line":29,"column":23},"end":{"line":29,"column":33}}]},"4":{"loc":{"start":{"line":31,"column":6},"end":{"line":34,"column":70}},"type":"binary-expr","locations":[{"start":{"line":31,"column":7},"end":{"line":31,"column":65}},{"start":{"line":32,"column":8},"end":{"line":32,"column":67}},{"start":{"line":33,"column":8},"end":{"line":33,"column":70}},{"start":{"line":34,"column":6},"end":{"line":34,"column":70}}]},"5":{"loc":{"start":{"line":69,"column":17},"end":{"line":73,"column":18}},"type":"cond-expr","locations":[{"start":{"line":69,"column":27},"end":{"line":69,"column":29}},{"start":{"line":69,"column":17},"end":{"line":73,"column":18}}]},"6":{"loc":{"start":{"line":69,"column":17},"end":{"line":69,"column":29}},"type":"binary-expr","locations":[{"start":{"line":69,"column":17},"end":{"line":69,"column":29}},{"start":{"line":69,"column":17},"end":{"line":69,"column":29}}]},"7":{"loc":{"start":{"line":79,"column":11},"end":{"line":98,"column":12}},"type":"cond-expr","locations":[{"start":{"line":79,"column":23},"end":{"line":79,"column":25}},{"start":{"line":79,"column":11},"end":{"line":98,"column":12}}]},"8":{"loc":{"start":{"line":79,"column":11},"end":{"line":79,"column":25}},"type":"binary-expr","locations":[{"start":{"line":79,"column":11},"end":{"line":79,"column":25}},{"start":{"line":79,"column":11},"end":{"line":79,"column":25}}]},"9":{"loc":{"start":{"line":81,"column":44},"end":{"line":81,"column":55}},"type":"cond-expr","locations":[{"start":{"line":81,"column":51},"end":{"line":81,"column":53}},{"start":{"line":81,"column":44},"end":{"line":81,"column":55}}]},"10":{"loc":{"start":{"line":81,"column":44},"end":{"line":81,"column":53}},"type":"binary-expr","locations":[{"start":{"line":81,"column":44},"end":{"line":81,"column":53}},{"start":{"line":81,"column":44},"end":{"line":81,"column":53}}]},"11":{"loc":{"start":{"line":84,"column":25},"end":{"line":84,"column":40}},"type":"cond-expr","locations":[{"start":{"line":84,"column":32},"end":{"line":84,"column":34}},{"start":{"line":84,"column":25},"end":{"line":84,"column":40}}]},"12":{"loc":{"start":{"line":84,"column":25},"end":{"line":84,"column":34}},"type":"binary-expr","locations":[{"start":{"line":84,"column":25},"end":{"line":84,"column":34}},{"start":{"line":84,"column":25},"end":{"line":84,"column":34}}]},"13":{"loc":{"start":{"line":85,"column":25},"end":{"line":85,"column":40}},"type":"cond-expr","locations":[{"start":{"line":85,"column":32},"end":{"line":85,"column":34}},{"start":{"line":85,"column":25},"end":{"line":85,"column":40}}]},"14":{"loc":{"start":{"line":85,"column":25},"end":{"line":85,"column":34}},"type":"binary-expr","locations":[{"start":{"line":85,"column":25},"end":{"line":85,"column":34}},{"start":{"line":85,"column":25},"end":{"line":85,"column":34}}]},"15":{"loc":{"start":{"line":89,"column":66},"end":{"line":89,"column":79}},"type":"cond-expr","locations":[{"start":{"line":89,"column":73},"end":{"line":89,"column":75}},{"start":{"line":89,"column":66},"end":{"line":89,"column":79}}]},"16":{"loc":{"start":{"line":89,"column":66},"end":{"line":89,"column":75}},"type":"binary-expr","locations":[{"start":{"line":89,"column":66},"end":{"line":89,"column":75}},{"start":{"line":89,"column":66},"end":{"line":89,"column":75}}]},"17":{"loc":{"start":{"line":91,"column":44},"end":{"line":91,"column":55}},"type":"cond-expr","locations":[{"start":{"line":91,"column":51},"end":{"line":91,"column":53}},{"start":{"line":91,"column":44},"end":{"line":91,"column":55}}]},"18":{"loc":{"start":{"line":91,"column":44},"end":{"line":91,"column":53}},"type":"binary-expr","locations":[{"start":{"line":91,"column":44},"end":{"line":91,"column":53}},{"start":{"line":91,"column":44},"end":{"line":91,"column":53}}]},"19":{"loc":{"start":{"line":94,"column":44},"end":{"line":94,"column":55}},"type":"cond-expr","locations":[{"start":{"line":94,"column":51},"end":{"line":94,"column":53}},{"start":{"line":94,"column":44},"end":{"line":94,"column":55}}]},"20":{"loc":{"start":{"line":94,"column":44},"end":{"line":94,"column":53}},"type":"binary-expr","locations":[{"start":{"line":94,"column":44},"end":{"line":94,"column":53}},{"start":{"line":94,"column":44},"end":{"line":94,"column":53}}]},"21":{"loc":{"start":{"line":95,"column":92},"end":{"line":95,"column":106}},"type":"cond-expr","locations":[{"start":{"line":95,"column":99},"end":{"line":95,"column":101}},{"start":{"line":95,"column":92},"end":{"line":95,"column":106}}]},"22":{"loc":{"start":{"line":95,"column":92},"end":{"line":95,"column":101}},"type":"binary-expr","locations":[{"start":{"line":95,"column":92},"end":{"line":95,"column":101}},{"start":{"line":95,"column":92},"end":{"line":95,"column":101}}]}},"s":{"0":4,"1":4,"2":4,"3":4,"4":4,"5":4,"6":4,"7":4,"8":4,"9":4,"10":4,"11":4,"12":4,"13":4,"14":4,"15":4,"16":4,"17":4,"18":4,"19":4,"20":4,"21":3,"22":4,"23":0,"24":0,"25":0,"26":4,"27":1,"28":4,"29":0,"30":0,"31":1,"32":1,"33":0,"34":4},"f":{"0":4,"1":4,"2":4,"3":4,"4":0,"5":0,"6":1,"7":0,"8":0,"9":1,"10":1,"11":0},"b":{"0":[3],"1":[0],"2":[0,4],"3":[4,4],"4":[1,0,0,1],"5":[0,4],"6":[4,4],"7":[0,4],"8":[4,4],"9":[0,1],"10":[1,1],"11":[0,1],"12":[1,1],"13":[0,1],"14":[1,1],"15":[0,1],"16":[1,1],"17":[0,0],"18":[0,0],"19":[0,1],"20":[1,1],"21":[0,1],"22":[1,1]}}
,"/Users/vaghela-sagar/Documents/sites/ali/test-upayments/src/components/common/footer.tsx": {"path":"/Users/vaghela-sagar/Documents/sites/ali/test-upayments/src/components/common/footer.tsx","statementMap":{"0":{"start":{"line":1,"column":0},"end":{"line":1,"column":40}},"1":{"start":{"line":2,"column":0},"end":{"line":2,"column":60}},"2":{"start":{"line":4,"column":15},"end":{"line":25,"column":1}},"3":{"start":{"line":5,"column":2},"end":{"line":24,"column":4}},"4":{"start":{"line":27,"column":0},"end":{"line":27,"column":22}}},"fnMap":{"0":{"name":"(anonymous_2)","decl":{"start":{"line":4,"column":15},"end":{"line":4,"column":null}},"loc":{"start":{"line":4,"column":15},"end":{"line":25,"column":1}}}},"branchMap":{},"s":{"0":3,"1":3,"2":3,"3":3,"4":3},"f":{"0":3},"b":{}}
,"/Users/vaghela-sagar/Documents/sites/ali/test-upayments/src/components/common/header.tsx": {"path":"/Users/vaghela-sagar/Documents/sites/ali/test-upayments/src/components/common/header.tsx","statementMap":{"0":{"start":{"line":1,"column":0},"end":{"line":1,"column":40}},"1":{"start":{"line":2,"column":0},"end":{"line":2,"column":56}},"2":{"start":{"line":4,"column":15},"end":{"line":24,"column":1}},"3":{"start":{"line":5,"column":2},"end":{"line":23,"column":4}},"4":{"start":{"line":26,"column":0},"end":{"line":26,"column":22}}},"fnMap":{"0":{"name":"(anonymous_2)","decl":{"start":{"line":4,"column":15},"end":{"line":4,"column":null}},"loc":{"start":{"line":4,"column":15},"end":{"line":24,"column":1}}}},"branchMap":{},"s":{"0":3,"1":3,"2":3,"3":3,"4":3},"f":{"0":3},"b":{}}
,"/Users/vaghela-sagar/Documents/sites/ali/test-upayments/src/reducers/categoryReducer.tsx": {"path":"/Users/vaghela-sagar/Documents/sites/ali/test-upayments/src/reducers/categoryReducer.tsx","statementMap":{"0":{"start":{"line":1,"column":0},"end":{"line":1,"column":null}},"1":{"start":{"line":6,"column":0},"end":{"line":6,"column":42}},"2":{"start":{"line":8,"column":24},"end":{"line":34,"column":1}},"3":{"start":{"line":9,"column":2},"end":{"line":9,"column":null}},"4":{"start":{"line":12,"column":2},"end":{"line":33,"column":null}},"5":{"start":{"line":14,"column":6},"end":{"line":17,"column":null}},"6":{"start":{"line":20,"column":6},"end":{"line":23,"column":null}},"7":{"start":{"line":26,"column":6},"end":{"line":29,"column":null}},"8":{"start":{"line":32,"column":6},"end":{"line":32,"column":19}},"9":{"start":{"line":36,"column":0},"end":{"line":36,"column":31}}},"fnMap":{"0":{"name":"(anonymous_3)","decl":{"start":{"line":8,"column":24},"end":{"line":8,"column":null}},"loc":{"start":{"line":10,"column":40},"end":{"line":34,"column":1}}}},"branchMap":{"0":{"loc":{"start":{"line":9,"column":2},"end":{"line":9,"column":null}},"type":"if","locations":[{"start":{"line":9,"column":2},"end":{"line":9,"column":null}}]},"1":{"loc":{"start":{"line":12,"column":2},"end":{"line":33,"column":null}},"type":"switch","locations":[{"start":{"line":13,"column":4},"end":{"line":17,"column":null}},{"start":{"line":19,"column":4},"end":{"line":23,"column":null}},{"start":{"line":25,"column":4},"end":{"line":29,"column":null}},{"start":{"line":31,"column":4},"end":{"line":32,"column":19}}]}},"s":{"0":0,"1":0,"2":0,"3":0,"4":0,"5":0,"6":0,"7":0,"8":0,"9":0},"f":{"0":0},"b":{"0":[0],"1":[0,0,0,0]}}
,"/Users/vaghela-sagar/Documents/sites/ali/test-upayments/src/reducers/productReducer.tsx": {"path":"/Users/vaghela-sagar/Documents/sites/ali/test-upayments/src/reducers/productReducer.tsx","statementMap":{"0":{"start":{"line":1,"column":0},"end":{"line":1,"column":null}},"1":{"start":{"line":12,"column":0},"end":{"line":12,"column":42}},"2":{"start":{"line":14,"column":23},"end":{"line":78,"column":1}},"3":{"start":{"line":15,"column":2},"end":{"line":15,"column":null}},"4":{"start":{"line":18,"column":2},"end":{"line":77,"column":null}},"5":{"start":{"line":20,"column":6},"end":{"line":23,"column":null}},"6":{"start":{"line":26,"column":6},"end":{"line":29,"column":null}},"7":{"start":{"line":32,"column":6},"end":{"line":35,"column":null}},"8":{"start":{"line":39,"column":6},"end":{"line":42,"column":null}},"9":{"start":{"line":45,"column":6},"end":{"line":48,"column":null}},"10":{"start":{"line":51,"column":6},"end":{"line":54,"column":null}},"11":{"start":{"line":58,"column":6},"end":{"line":61,"column":null}},"12":{"start":{"line":64,"column":6},"end":{"line":67,"column":null}},"13":{"start":{"line":70,"column":6},"end":{"line":73,"column":null}},"14":{"start":{"line":76,"column":6},"end":{"line":76,"column":19}},"15":{"start":{"line":80,"column":0},"end":{"line":80,"column":30}}},"fnMap":{"0":{"name":"(anonymous_4)","decl":{"start":{"line":14,"column":23},"end":{"line":14,"column":null}},"loc":{"start":{"line":16,"column":40},"end":{"line":78,"column":1}}}},"branchMap":{"0":{"loc":{"start":{"line":15,"column":2},"end":{"line":15,"column":null}},"type":"if","locations":[{"start":{"line":15,"column":2},"end":{"line":15,"column":null}}]},"1":{"loc":{"start":{"line":18,"column":2},"end":{"line":77,"column":null}},"type":"switch","locations":[{"start":{"line":19,"column":4},"end":{"line":23,"column":null}},{"start":{"line":25,"column":4},"end":{"line":29,"column":null}},{"start":{"line":31,"column":4},"end":{"line":35,"column":null}},{"start":{"line":38,"column":4},"end":{"line":42,"column":null}},{"start":{"line":44,"column":4},"end":{"line":48,"column":null}},{"start":{"line":50,"column":4},"end":{"line":54,"column":null}},{"start":{"line":57,"column":4},"end":{"line":61,"column":null}},{"start":{"line":63,"column":4},"end":{"line":67,"column":null}},{"start":{"line":69,"column":4},"end":{"line":73,"column":null}},{"start":{"line":75,"column":4},"end":{"line":76,"column":19}}]}},"s":{"0":0,"1":0,"2":0,"3":0,"4":0,"5":0,"6":0,"7":0,"8":0,"9":0,"10":0,"11":0,"12":0,"13":0,"14":0,"15":0},"f":{"0":0},"b":{"0":[0],"1":[0,0,0,0,0,0,0,0,0,0]}}
}
