TN:
SF:src/App.tsx
FN:8,App
FNF:1
FNH:1
FNDA:1,App
DA:1,1
DA:2,1
DA:3,1
DA:4,1
DA:5,1
DA:6,1
DA:9,1
DA:24,1
LF:8
LH:8
BRF:0
BRH:0
end_of_record
TN:
SF:src/index.tsx
FNF:0
FNH:0
DA:1,0
DA:2,0
DA:3,0
DA:4,0
DA:5,0
DA:6,0
DA:7,0
DA:9,0
DA:11,0
DA:13,0
DA:28,0
LF:11
LH:0
BRF:0
BRH:0
end_of_record
TN:
SF:src/actions/categoryActions.tsx
FN:10,(anonymous_19)
FN:14,(anonymous_20)
FN:19,(anonymous_21)
FN:25,(anonymous_22)
FN:25,(anonymous_23)
FN:25,(anonymous_24)
FN:28,(anonymous_26)
FN:31,(anonymous_27)
FNF:8
FNH:4
FNDA:1,(anonymous_19)
FNDA:0,(anonymous_20)
FNDA:0,(anonymous_21)
FNDA:1,(anonymous_22)
FNDA:1,(anonymous_23)
FNDA:1,(anonymous_24)
FNDA:0,(anonymous_26)
FNDA:0,(anonymous_27)
DA:2,1
DA:7,1
DA:10,1
DA:14,1
DA:19,1
DA:25,1
DA:26,1
DA:27,1
DA:29,0
DA:32,0
LF:10
LH:8
BRF:0
BRH:0
end_of_record
TN:
SF:src/actions/productActions.tsx
FN:19,(anonymous_19)
FN:23,(anonymous_20)
FN:28,(anonymous_21)
FN:34,(anonymous_22)
FN:34,(anonymous_23)
FN:34,(anonymous_24)
FN:37,(anonymous_26)
FN:40,(anonymous_27)
FN:46,(anonymous_28)
FN:50,(anonymous_29)
FN:55,(anonymous_30)
FN:62,(anonymous_31)
FN:63,(anonymous_32)
FN:63,(anonymous_33)
FN:66,(anonymous_35)
FN:69,(anonymous_36)
FN:75,(anonymous_37)
FN:79,(anonymous_38)
FN:84,(anonymous_39)
FN:91,(anonymous_40)
FN:92,(anonymous_41)
FN:92,(anonymous_42)
FN:95,(anonymous_44)
FN:98,(anonymous_45)
FN:104,(anonymous_46)
FN:108,(anonymous_47)
FN:113,(anonymous_48)
FN:120,(anonymous_49)
FN:121,(anonymous_50)
FN:121,(anonymous_51)
FN:124,(anonymous_53)
FN:127,(anonymous_54)
FNF:32
FNH:4
FNDA:1,(anonymous_19)
FNDA:0,(anonymous_20)
FNDA:0,(anonymous_21)
FNDA:1,(anonymous_22)
FNDA:1,(anonymous_23)
FNDA:1,(anonymous_24)
FNDA:0,(anonymous_26)
FNDA:0,(anonymous_27)
FNDA:0,(anonymous_28)
FNDA:0,(anonymous_29)
FNDA:0,(anonymous_30)
FNDA:0,(anonymous_31)
FNDA:0,(anonymous_32)
FNDA:0,(anonymous_33)
FNDA:0,(anonymous_35)
FNDA:0,(anonymous_36)
FNDA:0,(anonymous_37)
FNDA:0,(anonymous_38)
FNDA:0,(anonymous_39)
FNDA:0,(anonymous_40)
FNDA:0,(anonymous_41)
FNDA:0,(anonymous_42)
FNDA:0,(anonymous_44)
FNDA:0,(anonymous_45)
FNDA:0,(anonymous_46)
FNDA:0,(anonymous_47)
FNDA:0,(anonymous_48)
FNDA:0,(anonymous_49)
FNDA:0,(anonymous_50)
FNDA:0,(anonymous_51)
FNDA:0,(anonymous_53)
FNDA:0,(anonymous_54)
DA:2,1
DA:16,1
DA:19,1
DA:23,1
DA:28,1
DA:34,1
DA:35,1
DA:36,1
DA:38,0
DA:41,0
DA:46,1
DA:50,1
DA:55,1
DA:61,1
DA:62,1
DA:63,0
DA:64,0
DA:65,0
DA:67,0
DA:70,0
DA:75,1
DA:79,1
DA:84,1
DA:90,1
DA:91,1
DA:92,0
DA:93,0
DA:94,0
DA:96,0
DA:99,0
DA:104,1
DA:108,1
DA:113,1
DA:119,1
DA:120,1
DA:121,0
DA:122,0
DA:123,0
DA:125,0
DA:128,0
LF:40
LH:23
BRF:0
BRH:0
end_of_record
TN:
SF:src/components/createProduct.tsx
FN:8,(anonymous_15)
FN:10,(anonymous_16)
FN:15,(anonymous_17)
FN:30,(anonymous_18)
FN:30,(anonymous_19)
FN:40,(anonymous_21)
FN:125,(anonymous_22)
FNF:7
FNH:0
FNDA:0,(anonymous_15)
FNDA:0,(anonymous_16)
FNDA:0,(anonymous_17)
FNDA:0,(anonymous_18)
FNDA:0,(anonymous_19)
FNDA:0,(anonymous_21)
FNDA:0,(anonymous_22)
DA:1,1
DA:2,1
DA:3,1
DA:5,1
DA:6,1
DA:8,1
DA:9,0
DA:10,0
DA:12,0
DA:13,0
DA:15,0
DA:16,0
DA:19,0
DA:28,0
DA:30,0
DA:31,0
DA:32,0
DA:33,0
DA:34,0
DA:36,0
DA:40,0
DA:41,0
DA:42,0
DA:43,0
DA:47,0
DA:50,0
DA:52,0
DA:125,0
DA:171,1
LF:29
LH:7
BRDA:16,0,0,0
BRDA:32,1,0,0
BRDA:32,2,0,0
BRDA:32,2,1,0
BRDA:32,2,2,0
BRDA:32,2,3,0
BRDA:125,3,0,0
BRDA:125,3,1,0
BRDA:125,4,0,0
BRDA:125,4,1,0
BRF:10
BRH:0
end_of_record
TN:
SF:src/components/productDetail.tsx
FN:7,(anonymous_2)
FN:9,(anonymous_3)
FN:12,(anonymous_4)
FNF:3
FNH:0
FNDA:0,(anonymous_2)
FNDA:0,(anonymous_3)
FNDA:0,(anonymous_4)
DA:1,1
DA:2,1
DA:3,1
DA:4,1
DA:7,1
DA:8,0
DA:9,0
DA:10,0
DA:12,0
DA:13,0
DA:16,0
DA:38,1
LF:12
LH:6
BRDA:21,0,0,0
BRDA:21,0,1,0
BRDA:21,1,0,0
BRDA:21,1,1,0
BRDA:21,2,0,0
BRDA:21,2,1,0
BRDA:21,3,0,0
BRDA:21,3,1,0
BRDA:24,4,0,0
BRDA:24,4,1,0
BRDA:24,5,0,0
BRDA:24,5,1,0
BRDA:25,6,0,0
BRDA:25,6,1,0
BRDA:25,7,0,0
BRDA:25,7,1,0
BRDA:31,8,0,0
BRDA:31,8,1,0
BRDA:31,9,0,0
BRDA:31,9,1,0
BRF:20
BRH:0
end_of_record
TN:
SF:src/components/productList.tsx
FN:9,(anonymous_15)
FN:13,(anonymous_16)
FN:16,(anonymous_17)
FN:19,(anonymous_18)
FN:24,(anonymous_19)
FN:24,(anonymous_20)
FN:30,(anonymous_22)
FN:50,(anonymous_23)
FN:60,(anonymous_24)
FN:69,(anonymous_25)
FN:79,(anonymous_26)
FN:91,(anonymous_27)
FNF:12
FNH:4
FNDA:1,(anonymous_15)
FNDA:1,(anonymous_16)
FNDA:1,(anonymous_17)
FNDA:1,(anonymous_18)
FNDA:0,(anonymous_19)
FNDA:0,(anonymous_20)
FNDA:0,(anonymous_22)
FNDA:0,(anonymous_23)
FNDA:0,(anonymous_24)
FNDA:0,(anonymous_25)
FNDA:0,(anonymous_26)
FNDA:0,(anonymous_27)
DA:1,1
DA:2,1
DA:3,1
DA:5,1
DA:6,1
DA:7,1
DA:9,1
DA:10,1
DA:11,1
DA:12,1
DA:13,1
DA:15,1
DA:16,1
DA:18,1
DA:19,1
DA:20,1
DA:21,1
DA:24,1
DA:25,0
DA:26,0
DA:29,1
DA:31,0
DA:37,1
DA:50,0
DA:60,0
DA:69,0
DA:79,0
DA:91,0
DA:104,1
LF:29
LH:21
BRDA:21,0,0,1
BRDA:25,1,0,0
BRDA:29,2,0,0
BRDA:29,2,1,1
BRDA:29,3,0,1
BRDA:29,3,1,1
BRDA:31,4,0,0
BRDA:31,4,1,0
BRDA:31,4,2,0
BRDA:31,4,3,0
BRDA:69,5,0,0
BRDA:69,5,1,1
BRDA:69,6,0,1
BRDA:69,6,1,1
BRDA:79,7,0,0
BRDA:79,7,1,1
BRDA:79,8,0,1
BRDA:79,8,1,1
BRDA:81,9,0,0
BRDA:81,9,1,0
BRDA:81,10,0,0
BRDA:81,10,1,0
BRDA:84,11,0,0
BRDA:84,11,1,0
BRDA:84,12,0,0
BRDA:84,12,1,0
BRDA:85,13,0,0
BRDA:85,13,1,0
BRDA:85,14,0,0
BRDA:85,14,1,0
BRDA:89,15,0,0
BRDA:89,15,1,0
BRDA:89,16,0,0
BRDA:89,16,1,0
BRDA:91,17,0,0
BRDA:91,17,1,0
BRDA:91,18,0,0
BRDA:91,18,1,0
BRDA:94,19,0,0
BRDA:94,19,1,0
BRDA:94,20,0,0
BRDA:94,20,1,0
BRDA:95,21,0,0
BRDA:95,21,1,0
BRDA:95,22,0,0
BRDA:95,22,1,0
BRF:46
BRH:10
end_of_record
TN:
SF:src/components/common/footer.tsx
FN:4,(anonymous_2)
FNF:1
FNH:1
FNDA:1,(anonymous_2)
DA:1,1
DA:2,1
DA:4,1
DA:5,1
DA:27,1
LF:5
LH:5
BRF:0
BRH:0
end_of_record
TN:
SF:src/components/common/header.tsx
FN:4,(anonymous_2)
FNF:1
FNH:1
FNDA:1,(anonymous_2)
DA:1,1
DA:2,1
DA:4,1
DA:5,1
DA:26,1
LF:5
LH:5
BRF:0
BRH:0
end_of_record
TN:
SF:src/reducers/categoryReducer.tsx
FN:8,(anonymous_3)
FNF:1
FNH:0
FNDA:0,(anonymous_3)
DA:1,0
DA:6,0
DA:8,0
DA:9,0
DA:11,0
DA:17,0
DA:23,0
DA:29,0
DA:33,0
LF:9
LH:0
BRDA:8,0,0,0
BRDA:9,1,0,0
BRDA:9,1,1,0
BRDA:9,1,2,0
BRDA:9,1,3,0
BRF:5
BRH:0
end_of_record
TN:
SF:src/reducers/productReducer.tsx
FN:14,(anonymous_4)
FNF:1
FNH:0
FNDA:0,(anonymous_4)
DA:1,0
DA:12,0
DA:14,0
DA:15,0
DA:17,0
DA:23,0
DA:29,0
DA:36,0
DA:42,0
DA:48,0
DA:55,0
DA:61,0
DA:67,0
DA:73,0
DA:77,0
LF:15
LH:0
BRDA:14,0,0,0
BRDA:15,1,0,0
BRDA:15,1,1,0
BRDA:15,1,2,0
BRDA:15,1,3,0
BRDA:15,1,4,0
BRDA:15,1,5,0
BRDA:15,1,6,0
BRDA:15,1,7,0
BRDA:15,1,8,0
BRDA:15,1,9,0
BRF:11
BRH:0
end_of_record
